{"/home/lucas/Área de trabalho/Site do CARB/back-end/database.js": {"path":"/home/lucas/Área de trabalho/Site do CARB/back-end/database.js","statementMap":{"0":{"start":{"line":1,"column":0},"end":{"line":1,"column":27}},"1":{"start":{"line":2,"column":22},"end":{"line":2,"column":42}},"2":{"start":{"line":4,"column":15},"end":{"line":4,"column":46}},"3":{"start":{"line":7,"column":18},"end":{"line":28,"column":5}},"4":{"start":{"line":30,"column":0},"end":{"line":30,"column":27}}},"fnMap":{},"branchMap":{"0":{"loc":{"start":{"line":7,"column":18},"end":{"line":28,"column":5}},"type":"cond-expr","locations":[{"start":{"line":8,"column":4},"end":{"line":8,"column":56}},{"start":{"line":9,"column":4},"end":{"line":28,"column":5}}],"line":7},"1":{"loc":{"start":{"line":10,"column":8},"end":{"line":10,"column":41}},"type":"binary-expr","locations":[{"start":{"line":10,"column":8},"end":{"line":10,"column":27}},{"start":{"line":10,"column":31},"end":{"line":10,"column":41}}],"line":10},"2":{"loc":{"start":{"line":11,"column":8},"end":{"line":11,"column":37}},"type":"binary-expr","locations":[{"start":{"line":11,"column":8},"end":{"line":11,"column":27}},{"start":{"line":11,"column":31},"end":{"line":11,"column":37}}],"line":11},"3":{"loc":{"start":{"line":14,"column":18},"end":{"line":14,"column":52}},"type":"binary-expr","locations":[{"start":{"line":14,"column":18},"end":{"line":14,"column":37}},{"start":{"line":14,"column":41},"end":{"line":14,"column":52}}],"line":14},"4":{"loc":{"start":{"line":15,"column":21},"end":{"line":15,"column":56}},"type":"binary-expr","locations":[{"start":{"line":15,"column":21},"end":{"line":15,"column":43}},{"start":{"line":15,"column":47},"end":{"line":15,"column":56}}],"line":15},"5":{"loc":{"start":{"line":16,"column":18},"end":{"line":16,"column":45}},"type":"binary-expr","locations":[{"start":{"line":16,"column":18},"end":{"line":16,"column":37}},{"start":{"line":16,"column":41},"end":{"line":16,"column":45}}],"line":16}},"s":{"0":1,"1":1,"2":1,"3":1,"4":1},"f":{},"b":{"0":[1,0],"1":[0,0],"2":[0,0],"3":[0,0],"4":[0,0],"5":[0,0]},"_coverageSchema":"1a1c01bbd47fc00a2c39e90264f33305004495a9","hash":"4efcb3a6b7b163f3a56a47cf209a397cb19af67e"}
,"/home/lucas/Área de trabalho/Site do CARB/back-end/models.js": {"path":"/home/lucas/Área de trabalho/Site do CARB/back-end/models.js","statementMap":{"0":{"start":{"line":1,"column":22},"end":{"line":1,"column":42}},"1":{"start":{"line":2,"column":18},"end":{"line":2,"column":39}},"2":{"start":{"line":5,"column":16},"end":{"line":12,"column":2}},"3":{"start":{"line":15,"column":14},"end":{"line":20,"column":2}},"4":{"start":{"line":23,"column":13},"end":{"line":29,"column":2}},"5":{"start":{"line":32,"column":15},"end":{"line":37,"column":2}},"6":{"start":{"line":40,"column":0},"end":{"line":44,"column":1}},"7":{"start":{"line":41,"column":4},"end":{"line":43,"column":7}},"8":{"start":{"line":42,"column":8},"end":{"line":42,"column":69}},"9":{"start":{"line":46,"column":0},"end":{"line":46,"column":50}}},"fnMap":{"0":{"name":"(anonymous_0)","decl":{"start":{"line":41,"column":26},"end":{"line":41,"column":27}},"loc":{"start":{"line":41,"column":32},"end":{"line":43,"column":5}},"line":41}},"branchMap":{"0":{"loc":{"start":{"line":40,"column":0},"end":{"line":44,"column":1}},"type":"if","locations":[{"start":{"line":40,"column":0},"end":{"line":44,"column":1}},{"start":{},"end":{}}],"line":40}},"s":{"0":1,"1":1,"2":1,"3":1,"4":1,"5":1,"6":1,"7":0,"8":0,"9":1},"f":{"0":0},"b":{"0":[0,1]},"_coverageSchema":"1a1c01bbd47fc00a2c39e90264f33305004495a9","hash":"9480090f2faf57dbf44a5a3cb3fc237218da65e8"}
,"/home/lucas/Área de trabalho/Site do CARB/back-end/server.js": {"path":"/home/lucas/Área de trabalho/Site do CARB/back-end/server.js","statementMap":{"0":{"start":{"line":1,"column":16},"end":{"line":1,"column":34}},"1":{"start":{"line":2,"column":13},"end":{"line":2,"column":28}},"2":{"start":{"line":3,"column":11},"end":{"line":3,"column":24}},"3":{"start":{"line":4,"column":13},"end":{"line":4,"column":28}},"4":{"start":{"line":5,"column":15},"end":{"line":5,"column":32}},"5":{"start":{"line":6,"column":18},"end":{"line":6,"column":47}},"6":{"start":{"line":7,"column":18},"end":{"line":7,"column":39}},"7":{"start":{"line":8,"column":28},"end":{"line":8,"column":60}},"8":{"start":{"line":9,"column":17},"end":{"line":9,"column":37}},"9":{"start":{"line":11,"column":12},"end":{"line":11,"column":21}},"10":{"start":{"line":12,"column":15},"end":{"line":12,"column":46}},"11":{"start":{"line":19,"column":0},"end":{"line":21,"column":4}},"12":{"start":{"line":24,"column":16},"end":{"line":30,"column":2}},"13":{"start":{"line":33,"column":0},"end":{"line":35,"column":1}},"14":{"start":{"line":34,"column":4},"end":{"line":34,"column":30}},"15":{"start":{"line":38,"column":0},"end":{"line":42,"column":4}},"16":{"start":{"line":44,"column":0},"end":{"line":44,"column":41}},"17":{"start":{"line":50,"column":18},"end":{"line":50,"column":48}},"18":{"start":{"line":52,"column":0},"end":{"line":52,"column":67}},"19":{"start":{"line":53,"column":0},"end":{"line":53,"column":58}},"20":{"start":{"line":54,"column":0},"end":{"line":54,"column":67}},"21":{"start":{"line":56,"column":0},"end":{"line":62,"column":1}},"22":{"start":{"line":57,"column":24},"end":{"line":57,"column":67}},"23":{"start":{"line":58,"column":4},"end":{"line":58,"column":71}},"24":{"start":{"line":59,"column":4},"end":{"line":59,"column":87}},"25":{"start":{"line":60,"column":4},"end":{"line":60,"column":71}},"26":{"start":{"line":61,"column":4},"end":{"line":61,"column":41}},"27":{"start":{"line":64,"column":18},"end":{"line":64,"column":49}},"28":{"start":{"line":65,"column":0},"end":{"line":65,"column":76}},"29":{"start":{"line":65,"column":31},"end":{"line":65,"column":76}},"30":{"start":{"line":67,"column":0},"end":{"line":67,"column":47}},"31":{"start":{"line":69,"column":0},"end":{"line":71,"column":3}},"32":{"start":{"line":70,"column":4},"end":{"line":70,"column":106}},"33":{"start":{"line":73,"column":41},"end":{"line":73,"column":60}},"34":{"start":{"line":79,"column":0},"end":{"line":95,"column":3}},"35":{"start":{"line":80,"column":4},"end":{"line":94,"column":5}},"36":{"start":{"line":81,"column":23},"end":{"line":81,"column":33}},"37":{"start":{"line":82,"column":25},"end":{"line":82,"column":33}},"38":{"start":{"line":84,"column":24},"end":{"line":84,"column":50}},"39":{"start":{"line":85,"column":8},"end":{"line":85,"column":86}},"40":{"start":{"line":85,"column":22},"end":{"line":85,"column":86}},"41":{"start":{"line":87,"column":8},"end":{"line":88,"column":57}},"42":{"start":{"line":87,"column":27},"end":{"line":87,"column":48}},"43":{"start":{"line":88,"column":13},"end":{"line":88,"column":57}},"44":{"start":{"line":88,"column":34},"end":{"line":88,"column":57}},"45":{"start":{"line":90,"column":8},"end":{"line":90,"column":29}},"46":{"start":{"line":91,"column":8},"end":{"line":91,"column":67}},"47":{"start":{"line":93,"column":8},"end":{"line":93,"column":56}},"48":{"start":{"line":97,"column":0},"end":{"line":119,"column":3}},"49":{"start":{"line":98,"column":17},"end":{"line":98,"column":46}},"50":{"start":{"line":99,"column":18},"end":{"line":99,"column":20}},"51":{"start":{"line":100,"column":19},"end":{"line":100,"column":37}},"52":{"start":{"line":102,"column":4},"end":{"line":118,"column":5}},"53":{"start":{"line":103,"column":32},"end":{"line":107,"column":10}},"54":{"start":{"line":109,"column":8},"end":{"line":114,"column":11}},"55":{"start":{"line":116,"column":8},"end":{"line":116,"column":29}},"56":{"start":{"line":117,"column":8},"end":{"line":117,"column":66}},"57":{"start":{"line":121,"column":0},"end":{"line":124,"column":3}},"58":{"start":{"line":122,"column":18},"end":{"line":122,"column":39}},"59":{"start":{"line":123,"column":4},"end":{"line":123,"column":20}},"60":{"start":{"line":126,"column":0},"end":{"line":129,"column":3}},"61":{"start":{"line":127,"column":18},"end":{"line":127,"column":64}},"62":{"start":{"line":128,"column":4},"end":{"line":128,"column":20}},"63":{"start":{"line":131,"column":0},"end":{"line":134,"column":3}},"64":{"start":{"line":132,"column":18},"end":{"line":132,"column":68}},"65":{"start":{"line":133,"column":4},"end":{"line":133,"column":20}},"66":{"start":{"line":136,"column":0},"end":{"line":181,"column":3}},"67":{"start":{"line":137,"column":4},"end":{"line":180,"column":5}},"68":{"start":{"line":138,"column":31},"end":{"line":138,"column":55}},"69":{"start":{"line":139,"column":30},"end":{"line":139,"column":79}},"70":{"start":{"line":141,"column":8},"end":{"line":144,"column":9}},"71":{"start":{"line":142,"column":12},"end":{"line":142,"column":89}},"72":{"start":{"line":142,"column":25},"end":{"line":142,"column":89}},"73":{"start":{"line":143,"column":12},"end":{"line":143,"column":93}},"74":{"start":{"line":146,"column":45},"end":{"line":146,"column":53}},"75":{"start":{"line":147,"column":23},"end":{"line":147,"column":25}},"76":{"start":{"line":149,"column":31},"end":{"line":149,"column":78}},"77":{"start":{"line":150,"column":33},"end":{"line":150,"column":64}},"78":{"start":{"line":152,"column":8},"end":{"line":166,"column":9}},"79":{"start":{"line":153,"column":27},"end":{"line":153,"column":63}},"80":{"start":{"line":155,"column":25},"end":{"line":155,"column":58}},"81":{"start":{"line":156,"column":37},"end":{"line":156,"column":91}},"82":{"start":{"line":158,"column":12},"end":{"line":160,"column":13}},"83":{"start":{"line":159,"column":16},"end":{"line":159,"column":116}},"84":{"start":{"line":162,"column":32},"end":{"line":162,"column":59}},"85":{"start":{"line":163,"column":34},"end":{"line":163,"column":67}},"86":{"start":{"line":164,"column":12},"end":{"line":164,"column":52}},"87":{"start":{"line":165,"column":12},"end":{"line":165,"column":49}},"88":{"start":{"line":168,"column":28},"end":{"line":172,"column":10}},"89":{"start":{"line":174,"column":8},"end":{"line":174,"column":76}},"90":{"start":{"line":175,"column":8},"end":{"line":175,"column":75}},"91":{"start":{"line":178,"column":8},"end":{"line":178,"column":45}},"92":{"start":{"line":179,"column":8},"end":{"line":179,"column":50}},"93":{"start":{"line":186,"column":13},"end":{"line":186,"column":37}},"94":{"start":{"line":187,"column":0},"end":{"line":195,"column":1}},"95":{"start":{"line":188,"column":4},"end":{"line":194,"column":7}},"96":{"start":{"line":189,"column":8},"end":{"line":189,"column":74}},"97":{"start":{"line":190,"column":8},"end":{"line":190,"column":57}},"98":{"start":{"line":191,"column":8},"end":{"line":191,"column":74}},"99":{"start":{"line":192,"column":8},"end":{"line":192,"column":76}},"100":{"start":{"line":193,"column":8},"end":{"line":193,"column":74}},"101":{"start":{"line":197,"column":0},"end":{"line":197,"column":21}}},"fnMap":{"0":{"name":"(anonymous_0)","decl":{"start":{"line":69,"column":19},"end":{"line":69,"column":20}},"loc":{"start":{"line":69,"column":33},"end":{"line":71,"column":1}},"line":69},"1":{"name":"(anonymous_1)","decl":{"start":{"line":79,"column":35},"end":{"line":79,"column":36}},"loc":{"start":{"line":79,"column":55},"end":{"line":95,"column":1}},"line":79},"2":{"name":"(anonymous_2)","decl":{"start":{"line":97,"column":25},"end":{"line":97,"column":26}},"loc":{"start":{"line":97,"column":45},"end":{"line":119,"column":1}},"line":97},"3":{"name":"(anonymous_3)","decl":{"start":{"line":121,"column":23},"end":{"line":121,"column":24}},"loc":{"start":{"line":121,"column":43},"end":{"line":124,"column":1}},"line":121},"4":{"name":"(anonymous_4)","decl":{"start":{"line":126,"column":22},"end":{"line":126,"column":23}},"loc":{"start":{"line":126,"column":42},"end":{"line":129,"column":1}},"line":126},"5":{"name":"(anonymous_5)","decl":{"start":{"line":131,"column":23},"end":{"line":131,"column":24}},"loc":{"start":{"line":131,"column":43},"end":{"line":134,"column":1}},"line":131},"6":{"name":"(anonymous_6)","decl":{"start":{"line":136,"column":24},"end":{"line":136,"column":25}},"loc":{"start":{"line":136,"column":44},"end":{"line":181,"column":1}},"line":136},"7":{"name":"(anonymous_7)","decl":{"start":{"line":188,"column":32},"end":{"line":188,"column":33}},"loc":{"start":{"line":188,"column":38},"end":{"line":194,"column":5}},"line":188}},"branchMap":{"0":{"loc":{"start":{"line":33,"column":0},"end":{"line":35,"column":1}},"type":"if","locations":[{"start":{"line":33,"column":0},"end":{"line":35,"column":1}},{"start":{},"end":{}}],"line":33},"1":{"loc":{"start":{"line":56,"column":0},"end":{"line":62,"column":1}},"type":"if","locations":[{"start":{"line":56,"column":0},"end":{"line":62,"column":1}},{"start":{},"end":{}}],"line":56},"2":{"loc":{"start":{"line":65,"column":0},"end":{"line":65,"column":76}},"type":"if","locations":[{"start":{"line":65,"column":0},"end":{"line":65,"column":76}},{"start":{},"end":{}}],"line":65},"3":{"loc":{"start":{"line":70,"column":39},"end":{"line":70,"column":102}},"type":"cond-expr","locations":[{"start":{"line":70,"column":77},"end":{"line":70,"column":89}},{"start":{"line":70,"column":92},"end":{"line":70,"column":102}}],"line":70},"4":{"loc":{"start":{"line":85,"column":8},"end":{"line":85,"column":86}},"type":"if","locations":[{"start":{"line":85,"column":8},"end":{"line":85,"column":86}},{"start":{},"end":{}}],"line":85},"5":{"loc":{"start":{"line":87,"column":8},"end":{"line":88,"column":57}},"type":"if","locations":[{"start":{"line":87,"column":8},"end":{"line":88,"column":57}},{"start":{"line":88,"column":13},"end":{"line":88,"column":57}}],"line":87},"6":{"loc":{"start":{"line":88,"column":13},"end":{"line":88,"column":57}},"type":"if","locations":[{"start":{"line":88,"column":13},"end":{"line":88,"column":57}},{"start":{},"end":{}}],"line":88},"7":{"loc":{"start":{"line":98,"column":17},"end":{"line":98,"column":46}},"type":"binary-expr","locations":[{"start":{"line":98,"column":17},"end":{"line":98,"column":41}},{"start":{"line":98,"column":45},"end":{"line":98,"column":46}}],"line":98},"8":{"loc":{"start":{"line":139,"column":30},"end":{"line":139,"column":79}},"type":"binary-expr","locations":[{"start":{"line":139,"column":30},"end":{"line":139,"column":49}},{"start":{"line":139,"column":53},"end":{"line":139,"column":79}}],"line":139},"9":{"loc":{"start":{"line":141,"column":8},"end":{"line":144,"column":9}},"type":"if","locations":[{"start":{"line":141,"column":8},"end":{"line":144,"column":9}},{"start":{},"end":{}}],"line":141},"10":{"loc":{"start":{"line":142,"column":12},"end":{"line":142,"column":89}},"type":"if","locations":[{"start":{"line":142,"column":12},"end":{"line":142,"column":89}},{"start":{},"end":{}}],"line":142},"11":{"loc":{"start":{"line":149,"column":47},"end":{"line":149,"column":77}},"type":"binary-expr","locations":[{"start":{"line":149,"column":47},"end":{"line":149,"column":53}},{"start":{"line":149,"column":57},"end":{"line":149,"column":77}}],"line":149},"12":{"loc":{"start":{"line":150,"column":49},"end":{"line":150,"column":63}},"type":"binary-expr","locations":[{"start":{"line":150,"column":49},"end":{"line":150,"column":57}},{"start":{"line":150,"column":61},"end":{"line":150,"column":63}}],"line":150},"13":{"loc":{"start":{"line":152,"column":8},"end":{"line":166,"column":9}},"type":"if","locations":[{"start":{"line":152,"column":8},"end":{"line":166,"column":9}},{"start":{},"end":{}}],"line":152},"14":{"loc":{"start":{"line":152,"column":12},"end":{"line":152,"column":35}},"type":"binary-expr","locations":[{"start":{"line":152,"column":12},"end":{"line":152,"column":18}},{"start":{"line":152,"column":22},"end":{"line":152,"column":35}}],"line":152},"15":{"loc":{"start":{"line":158,"column":12},"end":{"line":160,"column":13}},"type":"if","locations":[{"start":{"line":158,"column":12},"end":{"line":160,"column":13}},{"start":{},"end":{}}],"line":158},"16":{"loc":{"start":{"line":158,"column":16},"end":{"line":158,"column":62}},"type":"binary-expr","locations":[{"start":{"line":158,"column":16},"end":{"line":158,"column":21}},{"start":{"line":158,"column":25},"end":{"line":158,"column":62}}],"line":158},"17":{"loc":{"start":{"line":186,"column":13},"end":{"line":186,"column":37}},"type":"binary-expr","locations":[{"start":{"line":186,"column":13},"end":{"line":186,"column":29}},{"start":{"line":186,"column":33},"end":{"line":186,"column":37}}],"line":186},"18":{"loc":{"start":{"line":187,"column":0},"end":{"line":195,"column":1}},"type":"if","locations":[{"start":{"line":187,"column":0},"end":{"line":195,"column":1}},{"start":{},"end":{}}],"line":187},"19":{"loc":{"start":{"line":187,"column":4},"end":{"line":187,"column":38}},"type":"binary-expr","locations":[{"start":{"line":187,"column":4},"end":{"line":187,"column":27}},{"start":{"line":187,"column":31},"end":{"line":187,"column":38}}],"line":187}},"s":{"0":1,"1":1,"2":1,"3":1,"4":1,"5":1,"6":1,"7":1,"8":1,"9":1,"10":1,"11":1,"12":1,"13":1,"14":0,"15":1,"16":1,"17":1,"18":1,"19":1,"20":1,"21":1,"22":0,"23":0,"24":0,"25":0,"26":0,"27":1,"28":1,"29":0,"30":1,"31":1,"32":2,"33":1,"34":1,"35":4,"36":4,"37":4,"38":4,"39":3,"40":1,"41":2,"42":1,"43":1,"44":1,"45":2,"46":2,"47":1,"48":1,"49":2,"50":2,"51":2,"52":2,"53":2,"54":1,"55":1,"56":1,"57":1,"58":1,"59":1,"60":1,"61":1,"62":1,"63":1,"64":1,"65":1,"66":1,"67":6,"68":6,"69":6,"70":6,"71":1,"72":0,"73":1,"74":5,"75":5,"76":5,"77":5,"78":5,"79":3,"80":3,"81":3,"82":3,"83":1,"84":2,"85":2,"86":2,"87":1,"88":3,"89":2,"90":2,"91":2,"92":2,"93":1,"94":1,"95":0,"96":0,"97":0,"98":0,"99":0,"100":0,"101":1},"f":{"0":2,"1":4,"2":2,"3":1,"4":1,"5":1,"6":6,"7":0},"b":{"0":[0,1],"1":[0,1],"2":[0,1],"3":[1,1],"4":[1,2],"5":[1,1],"6":[1,0],"7":[2,1],"8":[6,6],"9":[1,5],"10":[0,1],"11":[5,1],"12":[5,4],"13":[3,2],"14":[5,3],"15":[1,2],"16":[3,2],"17":[1,0],"18":[0,1],"19":[1,0]},"_coverageSchema":"1a1c01bbd47fc00a2c39e90264f33305004495a9","hash":"b5d4a58b61a2b92228ed10eb55600c7614f5793e"}
,"/home/lucas/Área de trabalho/Site do CARB/back-end/utils/contentFilter.js": {"path":"/home/lucas/Área de trabalho/Site do CARB/back-end/utils/contentFilter.js","statementMap":{"0":{"start":{"line":6,"column":18},"end":{"line":11,"column":1}},"1":{"start":{"line":19,"column":4},"end":{"line":19,"column":55}},"2":{"start":{"line":19,"column":43},"end":{"line":19,"column":55}},"3":{"start":{"line":21,"column":20},"end":{"line":21,"column":24}},"4":{"start":{"line":22,"column":4},"end":{"line":29,"column":7}},"5":{"start":{"line":25,"column":22},"end":{"line":25,"column":55}},"6":{"start":{"line":26,"column":8},"end":{"line":28,"column":11}},"7":{"start":{"line":27,"column":12},"end":{"line":27,"column":59}},"8":{"start":{"line":31,"column":4},"end":{"line":31,"column":21}},"9":{"start":{"line":34,"column":0},"end":{"line":34,"column":37}}},"fnMap":{"0":{"name":"sanitizeContent","decl":{"start":{"line":18,"column":9},"end":{"line":18,"column":24}},"loc":{"start":{"line":18,"column":31},"end":{"line":32,"column":1}},"line":18},"1":{"name":"(anonymous_1)","decl":{"start":{"line":22,"column":22},"end":{"line":22,"column":23}},"loc":{"start":{"line":22,"column":30},"end":{"line":29,"column":5}},"line":22},"2":{"name":"(anonymous_2)","decl":{"start":{"line":26,"column":45},"end":{"line":26,"column":46}},"loc":{"start":{"line":26,"column":56},"end":{"line":28,"column":9}},"line":26}},"branchMap":{"0":{"loc":{"start":{"line":19,"column":4},"end":{"line":19,"column":55}},"type":"if","locations":[{"start":{"line":19,"column":4},"end":{"line":19,"column":55}},{"start":{},"end":{}}],"line":19},"1":{"loc":{"start":{"line":19,"column":8},"end":{"line":19,"column":41}},"type":"binary-expr","locations":[{"start":{"line":19,"column":8},"end":{"line":19,"column":13}},{"start":{"line":19,"column":17},"end":{"line":19,"column":41}}],"line":19}},"s":{"0":1,"1":14,"2":6,"3":8,"4":8,"5":168,"6":168,"7":4,"8":8,"9":1},"f":{"0":14,"1":168,"2":4},"b":{"0":[6,8],"1":[14,8]},"_coverageSchema":"1a1c01bbd47fc00a2c39e90264f33305004495a9","hash":"ce64a2e93324dbabed5f96c88494ca85bbb9360a"}
}
