TN:
SF:database.js
FNF:0
FNH:0
DA:1,1
DA:2,1
DA:4,1
DA:7,1
DA:30,1
LF:5
LH:5
BRDA:7,0,0,1
BRDA:7,0,1,0
BRDA:10,1,0,0
BRDA:10,1,1,0
BRDA:11,2,0,0
BRDA:11,2,1,0
BRDA:14,3,0,0
BRDA:14,3,1,0
BRDA:15,4,0,0
BRDA:15,4,1,0
BRDA:16,5,0,0
BRDA:16,5,1,0
BRF:12
BRH:1
end_of_record
TN:
SF:models.js
FN:41,(anonymous_0)
FNF:1
FNH:0
FNDA:0,(anonymous_0)
DA:1,1
DA:2,1
DA:5,1
DA:15,1
DA:23,1
DA:32,1
DA:40,1
DA:41,0
DA:42,0
DA:46,1
LF:10
LH:8
BRDA:40,0,0,0
BRDA:40,0,1,1
BRF:2
BRH:1
end_of_record
TN:
SF:server.js
FN:69,(anonymous_0)
FN:79,(anonymous_1)
FN:97,(anonymous_2)
FN:121,(anonymous_3)
FN:126,(anonymous_4)
FN:131,(anonymous_5)
FN:136,(anonymous_6)
FN:188,(anonymous_7)
FNF:8
FNH:7
FNDA:2,(anonymous_0)
FNDA:4,(anonymous_1)
FNDA:2,(anonymous_2)
FNDA:1,(anonymous_3)
FNDA:1,(anonymous_4)
FNDA:1,(anonymous_5)
FNDA:6,(anonymous_6)
FNDA:0,(anonymous_7)
DA:1,1
DA:2,1
DA:3,1
DA:4,1
DA:5,1
DA:6,1
DA:7,1
DA:8,1
DA:9,1
DA:11,1
DA:12,1
DA:19,1
DA:24,1
DA:33,1
DA:34,0
DA:38,1
DA:44,1
DA:50,1
DA:52,1
DA:53,1
DA:54,1
DA:56,1
DA:57,0
DA:58,0
DA:59,0
DA:60,0
DA:61,0
DA:64,1
DA:65,1
DA:67,1
DA:69,1
DA:70,2
DA:73,1
DA:79,1
DA:80,4
DA:81,4
DA:82,4
DA:84,4
DA:85,3
DA:87,2
DA:88,1
DA:90,2
DA:91,2
DA:93,1
DA:97,1
DA:98,2
DA:99,2
DA:100,2
DA:102,2
DA:103,2
DA:109,1
DA:116,1
DA:117,1
DA:121,1
DA:122,1
DA:123,1
DA:126,1
DA:127,1
DA:128,1
DA:131,1
DA:132,1
DA:133,1
DA:136,1
DA:137,6
DA:138,6
DA:139,6
DA:141,6
DA:142,1
DA:143,1
DA:146,5
DA:147,5
DA:149,5
DA:150,5
DA:152,5
DA:153,3
DA:155,3
DA:156,3
DA:158,3
DA:159,1
DA:162,2
DA:163,2
DA:164,2
DA:165,1
DA:168,3
DA:174,2
DA:175,2
DA:178,2
DA:179,2
DA:186,1
DA:187,1
DA:188,0
DA:189,0
DA:190,0
DA:191,0
DA:192,0
DA:193,0
DA:197,1
LF:97
LH:85
BRDA:33,0,0,0
BRDA:33,0,1,1
BRDA:56,1,0,0
BRDA:56,1,1,1
BRDA:65,2,0,0
BRDA:65,2,1,1
BRDA:70,3,0,1
BRDA:70,3,1,1
BRDA:85,4,0,1
BRDA:85,4,1,2
BRDA:87,5,0,1
BRDA:87,5,1,1
BRDA:88,6,0,1
BRDA:88,6,1,0
BRDA:98,7,0,2
BRDA:98,7,1,1
BRDA:139,8,0,6
BRDA:139,8,1,6
BRDA:141,9,0,1
BRDA:141,9,1,5
BRDA:142,10,0,0
BRDA:142,10,1,1
BRDA:149,11,0,5
BRDA:149,11,1,1
BRDA:150,12,0,5
BRDA:150,12,1,4
BRDA:152,13,0,3
BRDA:152,13,1,2
BRDA:152,14,0,5
BRDA:152,14,1,3
BRDA:158,15,0,1
BRDA:158,15,1,2
BRDA:158,16,0,3
BRDA:158,16,1,2
BRDA:186,17,0,1
BRDA:186,17,1,0
BRDA:187,18,0,0
BRDA:187,18,1,1
BRDA:187,19,0,1
BRDA:187,19,1,0
BRF:40
BRH:32
end_of_record
TN:
SF:utils/contentFilter.js
FN:18,sanitizeContent
FN:22,(anonymous_1)
FN:26,(anonymous_2)
FNF:3
FNH:3
FNDA:14,sanitizeContent
FNDA:168,(anonymous_1)
FNDA:4,(anonymous_2)
DA:6,1
DA:19,14
DA:21,8
DA:22,8
DA:25,168
DA:26,168
DA:27,4
DA:31,8
DA:34,1
LF:9
LH:9
BRDA:19,0,0,6
BRDA:19,0,1,8
BRDA:19,1,0,14
BRDA:19,1,1,8
BRF:4
BRH:4
end_of_record
